This is pdfTeX, Version 3.14159265-2.6-1.40.16 (TeX Live 2015) (preloaded format=pdflatex 2015.5.24)  10 JAN 2016 18:44
entering extended mode
 \write18 enabled.
 %&-line parsing enabled.
**uw-ethesis
(./uw-ethesis.tex
LaTeX2e <2015/01/01>
Babel <3.9l> and hyphenation patterns for 79 languages loaded.
(/usr/local/texlive/2015/texmf-dist/tex/latex/base/report.cls
Document Class: report 2014/09/29 v1.4h Standard LaTeX document class
(/usr/local/texlive/2015/texmf-dist/tex/latex/base/size12.clo
File: size12.clo 2014/09/29 v1.4h Standard LaTeX file (size option)
)
\c@part=\count79
\c@chapter=\count80
\c@section=\count81
\c@subsection=\count82
\c@subsubsection=\count83
\c@paragraph=\count84
\c@subparagraph=\count85
\c@figure=\count86
\c@table=\count87
\abovecaptionskip=\skip41
\belowcaptionskip=\skip42
\bibindent=\dimen102
)
(/usr/local/texlive/2015/texmf-dist/tex/latex/graphics/color.sty
Package: color 2014/10/28 v1.1a Standard LaTeX Color (DPC)

(/usr/local/texlive/2015/texmf-dist/tex/latex/latexconfig/color.cfg
File: color.cfg 2007/01/18 v1.5 color configuration of teTeX/TeXLive
)
Package color Info: Driver file: pdftex.def on input line 142.

(/usr/local/texlive/2015/texmf-dist/tex/latex/pdftex-def/pdftex.def
File: pdftex.def 2011/05/27 v0.06d Graphics/color for pdfTeX

(/usr/local/texlive/2015/texmf-dist/tex/generic/oberdiek/infwarerr.sty
Package: infwarerr 2010/04/08 v1.3 Providing info/warning/error messages (HO)
)
(/usr/local/texlive/2015/texmf-dist/tex/generic/oberdiek/ltxcmds.sty
Package: ltxcmds 2011/11/09 v1.22 LaTeX kernel commands for general use (HO)
)
\Gread@gobject=\count88
))
(/usr/local/texlive/2015/texmf-dist/tex/latex/xcolor/xcolor.sty
Package: xcolor 2007/01/21 v2.11 LaTeX color extensions (UK)

(/usr/local/texlive/2015/texmf-dist/tex/latex/latexconfig/color.cfg
File: color.cfg 2007/01/18 v1.5 color configuration of teTeX/TeXLive
)
Package xcolor Info: Package option `usenames' ignored on input line 216.
Package xcolor Info: Driver file: pdftex.def on input line 225.

(/usr/local/texlive/2015/texmf-dist/tex/latex/colortbl/colortbl.sty
Package: colortbl 2012/02/13 v1.0a Color table columns (DPC)

(/usr/local/texlive/2015/texmf-dist/tex/latex/tools/array.sty
Package: array 2014/10/28 v2.4c Tabular extension package (FMi)
\col@sep=\dimen103
\extrarowheight=\dimen104
\NC@list=\toks14
\extratabsurround=\skip43
\backup@length=\skip44
)
\everycr=\toks15
\minrowclearance=\skip45
)
LaTeX Info: Redefining \color on input line 702.
\rownum=\count89
Package xcolor Info: Model `cmy' substituted by `cmy0' on input line 1337.
Package xcolor Info: Model `hsb' substituted by `rgb' on input line 1341.
Package xcolor Info: Model `RGB' extended on input line 1353.
Package xcolor Info: Model `HTML' substituted by `rgb' on input line 1355.
Package xcolor Info: Model `Hsb' substituted by `hsb' on input line 1356.
Package xcolor Info: Model `tHsb' substituted by `hsb' on input line 1357.
Package xcolor Info: Model `HSB' substituted by `hsb' on input line 1358.
Package xcolor Info: Model `Gray' substituted by `gray' on input line 1359.
Package xcolor Info: Model `wave' substituted by `hsb' on input line 1360.

(/usr/local/texlive/2015/texmf-dist/tex/latex/graphics/dvipsnam.def
File: dvipsnam.def 2014/10/14 v3.0j Driver-dependent file (DPC,SPQR)
))
(/usr/local/texlive/2015/texmf-dist/tex/latex/was/gensymb.sty
Package: gensymb 2003/07/02 v1.0 (WaS)
)
(/usr/local/texlive/2015/texmf-dist/tex/latex/wrapfig/wrapfig.sty
\wrapoverhang=\dimen105
\WF@size=\dimen106
\c@WF@wrappedlines=\count90
\WF@box=\box26
\WF@everypar=\toks16
Package: wrapfig 2003/01/31  v 3.6
)
(/usr/local/texlive/2015/texmf-dist/tex/latex/caption/subcaption.sty
Package: subcaption 2013/02/03 v1.1-62 Sub-captions (AR)

(/usr/local/texlive/2015/texmf-dist/tex/latex/caption/caption.sty
Package: caption 2013/05/02 v3.3-89 Customizing captions (AR)

(/usr/local/texlive/2015/texmf-dist/tex/latex/caption/caption3.sty
Package: caption3 2013/05/02 v1.6-88 caption3 kernel (AR)
Package caption3 Info: TeX engine: e-TeX on input line 57.

(/usr/local/texlive/2015/texmf-dist/tex/latex/graphics/keyval.sty
Package: keyval 2014/10/28 v1.15 key=value parser (DPC)
\KV@toks@=\toks17
)
\captionmargin=\dimen107
\captionmargin@=\dimen108
\captionwidth=\dimen109
\caption@tempdima=\dimen110
\caption@indent=\dimen111
\caption@parindent=\dimen112
\caption@hangindent=\dimen113
)
\c@ContinuedFloat=\count91
Package caption Info: wrapfig package is loaded.
)
\c@subfigure=\count92
\c@subtable=\count93
)
(/usr/local/texlive/2015/texmf-dist/tex/latex/refcheck/refcheck.sty
Package: refcheck 2013/02/14 v1.9.1
\btoks=\toks18
)
(/usr/local/texlive/2015/texmf-dist/tex/latex/geometry/geometry.sty
Package: geometry 2010/09/12 v5.6 Page Geometry

(/usr/local/texlive/2015/texmf-dist/tex/generic/oberdiek/ifpdf.sty
Package: ifpdf 2011/01/30 v2.3 Provides the ifpdf switch (HO)
Package ifpdf Info: pdfTeX in PDF mode is detected.
)
(/usr/local/texlive/2015/texmf-dist/tex/generic/oberdiek/ifvtex.sty
Package: ifvtex 2010/03/01 v1.5 Detect VTeX and its facilities (HO)
Package ifvtex Info: VTeX not detected.
)
(/usr/local/texlive/2015/texmf-dist/tex/generic/ifxetex/ifxetex.sty
Package: ifxetex 2010/09/12 v0.6 Provides ifxetex conditional
)
\Gm@cnth=\count94
\Gm@cntv=\count95
\c@Gm@tempcnt=\count96
\Gm@bindingoffset=\dimen114
\Gm@wd@mp=\dimen115
\Gm@odd@mp=\dimen116
\Gm@even@mp=\dimen117
\Gm@layoutwidth=\dimen118
\Gm@layoutheight=\dimen119
\Gm@layouthoffset=\dimen120
\Gm@layoutvoffset=\dimen121
\Gm@dimlist=\toks19
)
(/usr/local/texlive/2015/texmf-dist/tex/latex/minted/minted.sty
Package: minted 2015/01/31 v2.0 Yet another Pygments shim for LaTeX

(/usr/local/texlive/2015/texmf-dist/tex/latex/oberdiek/kvoptions.sty
Package: kvoptions 2011/06/30 v3.11 Key value format for package options (HO)

(/usr/local/texlive/2015/texmf-dist/tex/generic/oberdiek/kvsetkeys.sty
Package: kvsetkeys 2012/04/25 v1.16 Key value parser (HO)

(/usr/local/texlive/2015/texmf-dist/tex/generic/oberdiek/etexcmds.sty
Package: etexcmds 2011/02/16 v1.5 Avoid name clashes with e-TeX commands (HO)

(/usr/local/texlive/2015/texmf-dist/tex/generic/oberdiek/ifluatex.sty
Package: ifluatex 2010/03/01 v1.3 Provides the ifluatex switch (HO)
Package ifluatex Info: LuaTeX not detected.
)
Package etexcmds Info: Could not find \expanded.
(etexcmds)             That can mean that you are not using pdfTeX 1.50 or
(etexcmds)             that some package has redefined \expanded.
(etexcmds)             In the latter case, load this package earlier.
)))
(/usr/local/texlive/2015/texmf-dist/tex/latex/fancyvrb/fancyvrb.sty
Package: fancyvrb 2008/02/07

Style option: `fancyvrb' v2.7a, with DG/SPQR fixes, and firstline=lastline fix 
<2008/02/07> (tvz)
\FV@CodeLineNo=\count97
\FV@InFile=\read1
\FV@TabBox=\box27
\c@FancyVerbLine=\count98
\FV@StepNumber=\count99
\FV@OutFile=\write3
)
(/usr/local/texlive/2015/texmf-dist/tex/latex/float/float.sty
Package: float 2001/11/08 v1.3d Float enhancements (AL)
\c@float@type=\count100
\float@exts=\toks20
\float@box=\box28
\@float@everytoks=\toks21
\@floatcapt=\box29
)
(/usr/local/texlive/2015/texmf-dist/tex/latex/base/ifthen.sty
Package: ifthen 2014/09/29 v1.1c Standard LaTeX ifthen package (DPC)
)
(/usr/local/texlive/2015/texmf-dist/tex/latex/tools/calc.sty
Package: calc 2014/10/28 v4.3 Infix arithmetic (KKT,FJ)
\calc@Acount=\count101
\calc@Bcount=\count102
\calc@Adimen=\dimen122
\calc@Bdimen=\dimen123
\calc@Askip=\skip46
\calc@Bskip=\skip47
LaTeX Info: Redefining \setlength on input line 80.
LaTeX Info: Redefining \addtolength on input line 81.
\calc@Ccount=\count103
\calc@Cskip=\skip48
)
(/usr/local/texlive/2015/texmf-dist/tex/latex/ifplatform/ifplatform.sty
Package: ifplatform 2010/10/22 v0.4 Testing for the operating system

(/usr/local/texlive/2015/texmf-dist/tex/generic/oberdiek/pdftexcmds.sty
Package: pdftexcmds 2011/11/29 v0.20 Utility functions of pdfTeX for LuaTeX (HO
)
Package pdftexcmds Info: LuaTeX not detected.
Package pdftexcmds Info: \pdf@primitive is available.
Package pdftexcmds Info: \pdf@ifprimitive is available.
Package pdftexcmds Info: \pdfdraftmode found.
)
(/usr/local/texlive/2015/texmf-dist/tex/generic/oberdiek/catchfile.sty
Package: catchfile 2011/03/01 v1.6 Catch the contents of a file (HO)
)
runsystem(uname -s > "uw-ethesis.w18")...executed.


(./uw-ethesis.w18)
runsystem(rm -- "uw-ethesis.w18")...executed.

)
(/usr/local/texlive/2015/texmf-dist/tex/latex/etoolbox/etoolbox.sty
Package: etoolbox 2015/05/04 v2.2 e-TeX tools for LaTeX (JAW)
\etb@tempcnta=\count104
)
(/usr/local/texlive/2015/texmf-dist/tex/generic/xstring/xstring.sty
(/usr/local/texlive/2015/texmf-dist/tex/generic/xstring/xstring.tex
\@xs@message=\write4
\integerpart=\count105
\decimalpart=\count106
)
Package: xstring 2013/10/13  v1.7c  String manipulations (C Tellechea)
)
(/usr/local/texlive/2015/texmf-dist/tex/latex/lineno/lineno.sty
Package: lineno 2005/11/02 line numbers on paragraphs v4.41
\linenopenalty=\count107
\output=\toks22
\linenoprevgraf=\count108
\linenumbersep=\dimen124
\linenumberwidth=\dimen125
\c@linenumber=\count109
\c@pagewiselinenumber=\count110
\c@LN@truepage=\count111
\c@internallinenumber=\count112
\c@internallinenumbers=\count113
\quotelinenumbersep=\dimen126
\bframerule=\dimen127
\bframesep=\dimen128
\bframebox=\box30
LaTeX Info: Redefining \\ on input line 3056.
)
\minted@appexistsfile=\read2
\FV@BreakIndent=\dimen129
\FV@BreakSymbolSepLeft=\dimen130
\FV@BreakSymbolSepRight=\dimen131
\FV@BreakSymbolIndentLeft=\dimen132
\FV@BreakSymbolIndentRight=\dimen133
\c@FancyVerbLineBreakLast=\count114
\FV@LineBox=\box31
\FV@LineIndentBox=\box32
\minted@bgbox=\box33
\minted@code=\write5
\c@minted@FancyVerbLineTemp=\count115
\@float@every@listing=\toks23
\c@listing=\count116
)
runsystem(mkdir -p "_minted-uw-ethesis")...executed.

runsystem(which "pygmentize" && touch "uw-ethesis.aex")...executed.

runsystem(rm "uw-ethesis.aex")...executed.


(./_minted-uw-ethesis/default.pygstyle) (./_minted-uw-ethesis/emacs.pygstyle)
(/usr/local/texlive/2015/texmf-dist/tex/latex/booktabs/booktabs.sty
Package: booktabs 2005/04/14 v1.61803 publication quality tables
\heavyrulewidth=\dimen134
\lightrulewidth=\dimen135
\cmidrulewidth=\dimen136
\belowrulesep=\dimen137
\belowbottomsep=\dimen138
\aboverulesep=\dimen139
\abovetopsep=\dimen140
\cmidrulesep=\dimen141
\cmidrulekern=\dimen142
\defaultaddspace=\dimen143
\@cmidla=\count117
\@cmidlb=\count118
\@aboverulesep=\dimen144
\@belowrulesep=\dimen145
\@thisruleclass=\count119
\@lastruleclass=\count120
\@thisrulewidth=\dimen146
)
(/usr/local/texlive/2015/texmf-dist/tex/latex/titlesec/titlesec.sty
Package: titlesec 2011/12/15 v2.10.0 Sectioning titles
\ttl@box=\box34
\beforetitleunit=\skip49
\aftertitleunit=\skip50
\ttl@plus=\dimen147
\ttl@minus=\dimen148
\ttl@toksa=\toks24
\titlewidth=\dimen149
\titlewidthlast=\dimen150
\titlewidthfirst=\dimen151

(/usr/local/texlive/2015/texmf-dist/tex/latex/titlesec/ttlps.def
File: ttlps.def 2011/12/15
))
(/usr/local/texlive/2015/texmf-dist/tex/latex/amsmath/amsmath.sty
Package: amsmath 2013/01/14 v2.14 AMS math features
\@mathmargin=\skip51

For additional information on amsmath, use the `?' option.
(/usr/local/texlive/2015/texmf-dist/tex/latex/amsmath/amstext.sty
Package: amstext 2000/06/29 v2.01

(/usr/local/texlive/2015/texmf-dist/tex/latex/amsmath/amsgen.sty
File: amsgen.sty 1999/11/30 v2.0
\@emptytoks=\toks25
\ex@=\dimen152
))
(/usr/local/texlive/2015/texmf-dist/tex/latex/amsmath/amsbsy.sty
Package: amsbsy 1999/11/29 v1.2d
\pmbraise@=\dimen153
)
(/usr/local/texlive/2015/texmf-dist/tex/latex/amsmath/amsopn.sty
Package: amsopn 1999/12/14 v2.01 operator names
)
\inf@bad=\count121
LaTeX Info: Redefining \frac on input line 210.
\uproot@=\count122
\leftroot@=\count123
LaTeX Info: Redefining \overline on input line 306.
\classnum@=\count124
\DOTSCASE@=\count125
LaTeX Info: Redefining \ldots on input line 378.
LaTeX Info: Redefining \dots on input line 381.
LaTeX Info: Redefining \cdots on input line 466.
\Mathstrutbox@=\box35
\strutbox@=\box36
\big@size=\dimen154
LaTeX Font Info:    Redeclaring font encoding OML on input line 566.
LaTeX Font Info:    Redeclaring font encoding OMS on input line 567.
\macc@depth=\count126
\c@MaxMatrixCols=\count127
\dotsspace@=\muskip10
\c@parentequation=\count128
\dspbrk@lvl=\count129
\tag@help=\toks26
\row@=\count130
\column@=\count131
\maxfields@=\count132
\andhelp@=\toks27
\eqnshift@=\dimen155
\alignsep@=\dimen156
\tagshift@=\dimen157
\tagwidth@=\dimen158
\totwidth@=\dimen159
\lineht@=\dimen160
\@envbody=\toks28
\multlinegap=\skip52
\multlinetaggap=\skip53
\mathdisplay@stack=\toks29
LaTeX Info: Redefining \[ on input line 2665.
LaTeX Info: Redefining \] on input line 2666.
)
(/usr/local/texlive/2015/texmf-dist/tex/latex/amsfonts/amssymb.sty
Package: amssymb 2013/01/14 v3.01 AMS font symbols

(/usr/local/texlive/2015/texmf-dist/tex/latex/amsfonts/amsfonts.sty
Package: amsfonts 2013/01/14 v3.01 Basic AMSFonts support
\symAMSa=\mathgroup4
\symAMSb=\mathgroup5
LaTeX Font Info:    Overwriting math alphabet `\mathfrak' in version `bold'
(Font)                  U/euf/m/n --> U/euf/b/n on input line 106.
))
(/usr/local/texlive/2015/texmf-dist/tex/latex/graphics/graphicx.sty
Package: graphicx 2014/10/28 v1.0g Enhanced LaTeX Graphics (DPC,SPQR)

(/usr/local/texlive/2015/texmf-dist/tex/latex/graphics/graphics.sty
Package: graphics 2014/10/28 v1.0p Standard LaTeX Graphics (DPC,SPQR)

(/usr/local/texlive/2015/texmf-dist/tex/latex/graphics/trig.sty
Package: trig 1999/03/16 v1.09 sin cos tan (DPC)
)
(/usr/local/texlive/2015/texmf-dist/tex/latex/latexconfig/graphics.cfg
File: graphics.cfg 2010/04/23 v1.9 graphics configuration of TeX Live
)
Package graphics Info: Driver file: pdftex.def on input line 94.
)
\Gin@req@height=\dimen161
\Gin@req@width=\dimen162
)
(/usr/local/texlive/2015/texmf-dist/tex/latex/hyperref/hyperref.sty
Package: hyperref 2012/11/06 v6.83m Hypertext links for LaTeX

(/usr/local/texlive/2015/texmf-dist/tex/generic/oberdiek/hobsub-hyperref.sty
Package: hobsub-hyperref 2012/05/28 v1.13 Bundle oberdiek, subset hyperref (HO)


(/usr/local/texlive/2015/texmf-dist/tex/generic/oberdiek/hobsub-generic.sty
Package: hobsub-generic 2012/05/28 v1.13 Bundle oberdiek, subset generic (HO)
Package: hobsub 2012/05/28 v1.13 Construct package bundles (HO)
Package hobsub Info: Skipping package `infwarerr' (already loaded).
Package hobsub Info: Skipping package `ltxcmds' (already loaded).
Package hobsub Info: Skipping package `ifluatex' (already loaded).
Package hobsub Info: Skipping package `ifvtex' (already loaded).
Package: intcalc 2007/09/27 v1.1 Expandable calculations with integers (HO)
Package hobsub Info: Skipping package `ifpdf' (already loaded).
Package hobsub Info: Skipping package `etexcmds' (already loaded).
Package hobsub Info: Skipping package `kvsetkeys' (already loaded).
Package: kvdefinekeys 2011/04/07 v1.3 Define keys (HO)
Package hobsub Info: Skipping package `pdftexcmds' (already loaded).
Package: pdfescape 2011/11/25 v1.13 Implements pdfTeX's escape features (HO)
Package: bigintcalc 2012/04/08 v1.3 Expandable calculations on big integers (HO
)
Package: bitset 2011/01/30 v1.1 Handle bit-vector datatype (HO)
Package: uniquecounter 2011/01/30 v1.2 Provide unlimited unique counter (HO)
)
Package hobsub Info: Skipping package `hobsub' (already loaded).
Package: letltxmacro 2010/09/02 v1.4 Let assignment for LaTeX macros (HO)
Package: hopatch 2012/05/28 v1.2 Wrapper for package hooks (HO)
Package: xcolor-patch 2011/01/30 xcolor patch
Package: atveryend 2011/06/30 v1.8 Hooks at the very end of document (HO)
Package: atbegshi 2011/10/05 v1.16 At begin shipout hook (HO)
Package: refcount 2011/10/16 v3.4 Data extraction from label references (HO)
Package: hycolor 2011/01/30 v1.7 Color options for hyperref/bookmark (HO)
)
(/usr/local/texlive/2015/texmf-dist/tex/latex/oberdiek/auxhook.sty
Package: auxhook 2011/03/04 v1.3 Hooks for auxiliary files (HO)
)
\@linkdim=\dimen163
\Hy@linkcounter=\count133
\Hy@pagecounter=\count134

(/usr/local/texlive/2015/texmf-dist/tex/latex/hyperref/pd1enc.def
File: pd1enc.def 2012/11/06 v6.83m Hyperref: PDFDocEncoding definition (HO)
)
\Hy@SavedSpaceFactor=\count135

(/usr/local/texlive/2015/texmf-dist/tex/latex/latexconfig/hyperref.cfg
File: hyperref.cfg 2002/06/06 v1.2 hyperref configuration of TeXLive
)
Package hyperref Info: Option `final' set `true' on input line 4319.


Package hyperref Warning: Option `letterpaper' is no longer used.

Package hyperref Info: Hyper figures OFF on input line 4443.
Package hyperref Info: Link nesting OFF on input line 4448.
Package hyperref Info: Hyper index ON on input line 4451.
Package hyperref Info: Plain pages OFF on input line 4458.
Package hyperref Info: Backreferencing OFF on input line 4463.
Package hyperref Info: Implicit mode ON; LaTeX internals redefined.
Package hyperref Info: Bookmarks ON on input line 4688.
LaTeX Info: Redefining \href on input line 4952.
\c@Hy@tempcnt=\count136
(/usr/local/texlive/2015/texmf-dist/tex/latex/url/url.sty
\Urlmuskip=\muskip11
Package: url 2013/09/16  ver 3.4  Verb mode for urls, etc.
)
LaTeX Info: Redefining \url on input line 5041.
\XeTeXLinkMargin=\dimen164
\Fld@menulength=\count137
\Field@Width=\dimen165
\Fld@charsize=\dimen166
Package hyperref Info: Hyper figures OFF on input line 6295.
Package hyperref Info: Link nesting OFF on input line 6300.
Package hyperref Info: Hyper index ON on input line 6303.
Package hyperref Info: backreferencing OFF on input line 6310.
Package hyperref Info: Link coloring OFF on input line 6315.
Package hyperref Info: Link coloring with OCG OFF on input line 6320.
Package hyperref Info: PDF/A mode OFF on input line 6325.
LaTeX Info: Redefining \ref on input line 6365.
LaTeX Info: Redefining \pageref on input line 6369.
\Hy@abspage=\count138
\c@Item=\count139
\c@Hfootnote=\count140
)

Package hyperref Message: Driver: hpdftex.

(/usr/local/texlive/2015/texmf-dist/tex/latex/hyperref/hpdftex.def
File: hpdftex.def 2012/11/06 v6.83m Hyperref driver for pdfTeX
\Fld@listcount=\count141
\c@bookmark@seq@number=\count142

(/usr/local/texlive/2015/texmf-dist/tex/latex/oberdiek/rerunfilecheck.sty
Package: rerunfilecheck 2011/04/15 v1.7 Rerun checks for auxiliary files (HO)
Package uniquecounter Info: New unique counter `rerunfilecheck' on input line 2
82.
)
\Hy@SectionHShift=\skip54
)
Package hyperref Info: Option `plainpages' set `false' on input line 165.


Package hyperref Warning: Option `pdfpagelabels' has already been used,
(hyperref)                setting the option has no effect on input line 165.


Package hyperref Warning: Option `bookmarks' has already been used,
(hyperref)                setting the option has no effect on input line 165.

Package hyperref Info: Option `unicode' set `false' on input line 165.
Package hyperref Info: Option `pdftoolbar' set `true' on input line 165.
Package hyperref Info: Option `pdfmenubar' set `true' on input line 165.
Package hyperref Info: Option `pdffitwindow' set `false' on input line 165.
Package hyperref Info: Option `pdfnewwindow' set `true' on input line 165.
Package hyperref Info: Option `colorlinks' set `true' on input line 165.
(./uw-ethesis.aux)
\openout1 = `uw-ethesis.aux'.

LaTeX Font Info:    Checking defaults for OML/cmm/m/it on input line 233.
LaTeX Font Info:    ... okay on input line 233.
LaTeX Font Info:    Checking defaults for T1/cmr/m/n on input line 233.
LaTeX Font Info:    ... okay on input line 233.
LaTeX Font Info:    Checking defaults for OT1/cmr/m/n on input line 233.
LaTeX Font Info:    ... okay on input line 233.
LaTeX Font Info:    Checking defaults for OMS/cmsy/m/n on input line 233.
LaTeX Font Info:    ... okay on input line 233.
LaTeX Font Info:    Checking defaults for OMX/cmex/m/n on input line 233.
LaTeX Font Info:    ... okay on input line 233.
LaTeX Font Info:    Checking defaults for U/cmr/m/n on input line 233.
LaTeX Font Info:    ... okay on input line 233.
LaTeX Font Info:    Checking defaults for PD1/pdf/m/n on input line 233.
LaTeX Font Info:    ... okay on input line 233.

(/usr/local/texlive/2015/texmf-dist/tex/context/base/supp-pdf.mkii
[Loading MPS to PDF converter (version 2006.09.02).]
\scratchcounter=\count143
\scratchdimen=\dimen167
\scratchbox=\box37
\nofMPsegments=\count144
\nofMParguments=\count145
\everyMPshowfont=\toks30
\MPscratchCnt=\count146
\MPscratchDim=\dimen168
\MPnumerator=\count147
\makeMPintoPDFobject=\count148
\everyMPtoPDFconversion=\toks31
)
LaTeX Info: Redefining \celsius on input line 233.
Package gensymb Info: Faking symbols for \degree and \celsius on input line 233
.


Package gensymb Warning: Not defining \perthousand.

LaTeX Info: Redefining \ohm on input line 233.
Package gensymb Info: Using \Omega for \ohm on input line 233.

Package gensymb Warning: Not defining \micro.

Package caption Info: Begin \AtBeginDocument code.
Package caption Info: float package is loaded.
Package caption Info: hyperref package is loaded.
Package caption Info: End \AtBeginDocument code.
Package: `refcheck' v1.9.1 <2013/02/14>
options: showrefs, showcites, msgs, chckunlbld
*geometry* driver: auto-detecting
*geometry* detected driver: pdftex
*geometry* verbose mode - [ preamble ] result:
* driver: pdftex
* paper: letterpaper
* layout: <same size as paper>
* layoutoffset:(h,v)=(0.0pt,0.0pt)
* modes: 
* h-part:(L,W,R)=(108.405pt, 397.485pt, 108.405pt)
* v-part:(T,H,B)=(72.26999pt, 650.43001pt, 72.26999pt)
* \paperwidth=614.295pt
* \paperheight=794.96999pt
* \textwidth=397.48499pt
* \textheight=650.43001pt
* \oddsidemargin=36.13501pt
* \evensidemargin=36.13501pt
* \topmargin=-37.0pt
* \headheight=12.0pt
* \headsep=25.0pt
* \topskip=12.0pt
* \footskip=30.0pt
* \marginparwidth=44.0pt
* \marginparsep=10.0pt
* \columnsep=10.0pt
* \skip\footins=10.8pt plus 4.0pt minus 2.0pt
* \hoffset=0.0pt
* \voffset=0.0pt
* \mag=1000
* \@twocolumnfalse
* \@twosidefalse
* \@mparswitchfalse
* \@reversemarginfalse
* (1in=72.27pt=25.4mm, 1cm=28.453pt)

(/usr/local/texlive/2015/texmf-dist/tex/latex/oberdiek/epstopdf-base.sty
Package: epstopdf-base 2010/02/09 v2.5 Base part for package epstopdf

(/usr/local/texlive/2015/texmf-dist/tex/latex/oberdiek/grfext.sty
Package: grfext 2010/08/19 v1.1 Manage graphics extensions (HO)
)
Package grfext Info: Graphics extension search list:
(grfext)             [.png,.pdf,.jpg,.mps,.jpeg,.jbig2,.jb2,.PNG,.PDF,.JPG,.JPE
G,.JBIG2,.JB2,.eps]
(grfext)             \AppendGraphicsExtensions on input line 452.

(/usr/local/texlive/2015/texmf-dist/tex/latex/latexconfig/epstopdf-sys.cfg
File: epstopdf-sys.cfg 2010/07/13 v1.3 Configuration of (r)epstopdf for TeX Liv
e
))
\AtBeginShipoutBox=\box38
Package hyperref Info: Link coloring ON on input line 233.

(/usr/local/texlive/2015/texmf-dist/tex/latex/hyperref/nameref.sty
Package: nameref 2012/10/27 v2.43 Cross-referencing by name of section

(/usr/local/texlive/2015/texmf-dist/tex/generic/oberdiek/gettitlestring.sty
Package: gettitlestring 2010/12/03 v1.4 Cleanup title references (HO)
)
\c@section@level=\count149
)
LaTeX Info: Redefining \ref on input line 233.
LaTeX Info: Redefining \pageref on input line 233.
LaTeX Info: Redefining \nameref on input line 233.

(./uw-ethesis.out) (./uw-ethesis.out)
\@outlinefile=\write6
\openout6 = `uw-ethesis.out'.

 (./uw-ethesis-frontpgs.tex
LaTeX Font Info:    Try loading font information for U+msa on input line 17.

(/usr/local/texlive/2015/texmf-dist/tex/latex/amsfonts/umsa.fd
File: umsa.fd 2013/01/14 v3.01 AMS symbols A
)
LaTeX Font Info:    Try loading font information for U+msb on input line 17.

(/usr/local/texlive/2015/texmf-dist/tex/latex/amsfonts/umsb.fd
File: umsb.fd 2013/01/14 v3.01 AMS symbols B
)
<images/title.png, id=128, 492.84125pt x 295.1025pt>
File: images/title.png Graphic file (type png)
 <use images/title.png>
Package pdftex.def Info: images/title.png used on input line 31.
(pdftex.def)             Requested size: 397.48499pt x 238.01854pt.

[1

{/usr/local/texlive/2015/texmf-var/fonts/map/pdftex/updmap/pdftex.map} <./image
s/title.png>]pdfTeX warning (ext4): destination with the same identifier (name{
page.i}) has been already used, duplicate ignored
<to be read again> 
                   \relax 
l.78     S
          incerely,\\ [1

] [2]) (./uw-ethesis.tocpdfTeX warning (ext4): destination with the same identi
fier (name{page.ii}) has been already used, duplicate ignored
<to be read again> 
                   \relax 
l.33 ...Encoder Performance}{19}{subsection.4.3.1}
                                                   [2


])
\tf@toc=\write7
\openout7 = `uw-ethesis.toc'.

 [3] (./uw-ethesis.lot)
\tf@lot=\write8
\openout8 = `uw-ethesis.lot'.


[4


] (./uw-ethesis.lof)
\tf@lof=\write9
\openout9 = `uw-ethesis.lof'.

 [5


] [6


]
Overfull \hbox (10.41911pt too wide) in paragraph at lines 305--306
[]\OT1/cmr/m/n/12 The stan-dard video codec cov-ered by this re-port is the ubi
q-ui-tous H.264/HVC
 []

[7] [8]
Chapter 1.
[1


]
Missing character: There is no ‚ in font cmr12!
Missing character: There is no Ä in font cmr12!
Missing character: There is no ú in font cmr12!
Missing character: There is no ‚ in font cmr12!
Missing character: There is no Ä in font cmr12!
Missing character: There is no ù in font cmr12!
Missing character: There is no ‚ in font cmr12!
Missing character: There is no Ä in font cmr12!
Missing character: There is no ú in font cmr12!
Missing character: There is no ‚ in font cmr12!
Missing character: There is no Ä in font cmr12!
Missing character: There is no ù in font cmr12!
 [2]
Chapter 2.
[3

]
Chapter 3.

Overfull \hbox (5.43584pt too wide) in paragraph at lines 345--346
\OT1/cmr/m/n/12 Digital videos are ubiq-ui-tous in the era of end-less stream-i
ng/download/playback
 []

<images/vidarch.png, id=277, 1044.90375pt x 233.87375pt>
File: images/vidarch.png Graphic file (type png)

<use images/vidarch.png>
Package pdftex.def Info: images/vidarch.png used on input line 351.
(pdftex.def)             Requested size: 397.48499pt x 88.96571pt.

<images/framearch.png, id=279, 272.01625pt x 234.8775pt>
File: images/framearch.png Graphic file (type png)

<use images/framearch.png>
Package pdftex.def Info: images/framearch.png used on input line 361.
(pdftex.def)             Requested size: 198.7425pt x 171.61684pt.


LaTeX Warning: `!h' float specifier changed to `!ht'.

[4

 <./images/vidarch.png>]

LaTeX Font Warning: Font shape `OT1/cmr/bx/sc' undefined
(Font)              using `OT1/cmr/bx/n' instead on input line 371.

[5 <./images/framearch.png>] [6]
<images/codec.png, id=306, 807.015pt x 486.81876pt>
File: images/codec.png Graphic file (type png)
 <use images/codec.png>
Package pdftex.def Info: images/codec.png used on input line 404.
(pdftex.def)             Requested size: 397.48499pt x 239.77637pt.


LaTeX Warning: `!h' float specifier changed to `!ht'.

<images/videnc.png, id=308, 768.8725pt x 120.45pt>
File: images/videnc.png Graphic file (type png)
 <use images/videnc.png>
Package pdftex.def Info: images/videnc.png used on input line 412.
(pdftex.def)             Requested size: 397.48499pt x 62.27045pt.


LaTeX Warning: `!h' float specifier changed to `!ht'.

[7] <images/tempredun.png, id=316, 800.9925pt x 366.36874pt>
File: images/tempredun.png Graphic file (type png)

<use images/tempredun.png>
Package pdftex.def Info: images/tempredun.png used on input line 427.
(pdftex.def)             Requested size: 317.9892pt x 145.44919pt.


LaTeX Warning: `!h' float specifier changed to `!ht'.

[8 <./images/codec.png> <./images/videnc.png>]
<images/psychredun.png, id=329, 741.77126pt x 248.93pt>
File: images/psychredun.png Graphic file (type png)

<use images/psychredun.png>
Package pdftex.def Info: images/psychredun.png used on input line 440.
(pdftex.def)             Requested size: 317.9892pt x 106.71494pt.
 [9 <./images/tempredun.png> <./images/psychredun.png>] <images/spatredund.png,
 id=342, 830.10126pt x 408.52625pt>
File: images/spatredund.png Graphic file (type png)

<use images/spatredund.png>
Package pdftex.def Info: images/spatredund.png used on input line 453.
(pdftex.def)             Requested size: 317.9892pt x 156.49454pt.
 [10 <./images/spatredund.png>] [11]
<images/h264struct.png, id=358, 859.21pt x 494.84875pt>
File: images/h264struct.png Graphic file (type png)

<use images/h264struct.png>
Package pdftex.def Info: images/h264struct.png used on input line 495.
(pdftex.def)             Requested size: 317.9892pt x 183.14403pt.


LaTeX Warning: `!h' float specifier changed to `!ht'.

[12] [13 <./images/h264struct.png>] [14]
LaTeX Font Info:    Try loading font information for OMS+cmr on input line 524.


(/usr/local/texlive/2015/texmf-dist/tex/latex/base/omscmr.fd
File: omscmr.fd 2014/09/29 v2.5h Standard LaTeX font definitions
)
LaTeX Font Info:    Font shape `OMS/cmr/m/n' in size <12> not available
(Font)              Font shape `OMS/cmsy/m/n' tried instead on input line 524.
 [15] [16]
Chapter 4.

Overfull \hbox (4.05495pt too wide) in paragraph at lines 542--542
 |[]\OT1/cmr/m/sc/14.4 Slepian-Wolf (SW) The-o-rem for Loss-less Cod-
 []

<images/swtheory.png, id=399, 554.07pt x 550.055pt>
File: images/swtheory.png Graphic file (type png)
 <use images/swtheory.png>
Package pdftex.def Info: images/swtheory.png used on input line 545.
(pdftex.def)             Requested size: 198.7425pt x 197.29784pt.

[17

 <./images/swtheory.png>]
Overfull \hbox (3.96085pt too wide) in paragraph at lines 551--552
\OT1/cmr/m/n/12 Wyner and Ziv ex-tended the Slepian-Wolf the-o-rem by char-ac-t
er-iz-ing the achiev-
 []

<images/prism.png, id=409, 729.72626pt x 318.18875pt>
File: images/prism.png Graphic file (type png)
 <use images/prism.png>
Package pdftex.def Info: images/prism.png used on input line 556.
(pdftex.def)             Requested size: 397.48499pt x 173.3196pt.
Missing character: There is no √ in font cmr12!
Missing character: There is no ó in font cmr12!

Overfull \hbox (17.8524pt too wide) in paragraph at lines 560--561
[]\OT1/cmr/m/n/12 PRISM, which stands for Power-efficient, Ro-bust, hIgh com-pr
es-sion Syndrome-
 []

[18 <./images/prism.png>] [19]
Chapter 5.
<images/codec_hist.png, id=422, 2409.0pt x 1505.625pt>
File: images/codec_hist.png Graphic file (type png)

<use images/codec_hist.png>
Package pdftex.def Info: images/codec_hist.png used on input line 572.
(pdftex.def)             Requested size: 397.48499pt x 248.4174pt.

<images/framerate_hist.png, id=423, 2409.0pt x 1505.625pt>
File: images/framerate_hist.png Graphic file (type png)

<use images/framerate_hist.png>
Package pdftex.def Info: images/framerate_hist.png used on input line 578.
(pdftex.def)             Requested size: 397.48499pt x 248.4174pt.


LaTeX Warning: `!h' float specifier changed to `!ht'.

<images/bitrate_hist.png, id=424, 2409.0pt x 1505.625pt>
File: images/bitrate_hist.png Graphic file (type png)

<use images/bitrate_hist.png>
Package pdftex.def Info: images/bitrate_hist.png used on input line 584.
(pdftex.def)             Requested size: 397.48499pt x 248.4174pt.


LaTeX Warning: `!h' float specifier changed to `!ht'.

<images/dur_vs_trate.png, id=425, 2409.0pt x 1505.625pt>
File: images/dur_vs_trate.png Graphic file (type png)

<use images/dur_vs_trate.png>
Package pdftex.def Info: images/dur_vs_trate.png used on input line 590.
(pdftex.def)             Requested size: 397.48499pt x 248.4174pt.


LaTeX Warning: `!h' float specifier changed to `!ht'.

<images/bitrate_vs_trate.png, id=426, 2409.0pt x 1505.625pt>
File: images/bitrate_vs_trate.png Graphic file (type png)

<use images/bitrate_vs_trate.png>
Package pdftex.def Info: images/bitrate_vs_trate.png used on input line 596.
(pdftex.def)             Requested size: 397.48499pt x 248.4174pt.


LaTeX Warning: `!h' float specifier changed to `!ht'.

<images/framerate_vs_trate.png, id=427, 2409.0pt x 1505.625pt>
File: images/framerate_vs_trate.png Graphic file (type png)

<use images/framerate_vs_trate.png>
Package pdftex.def Info: images/framerate_vs_trate.png used on input line 602.
(pdftex.def)             Requested size: 397.48499pt x 248.4174pt.


LaTeX Warning: `!h' float specifier changed to `!ht'.

[20

 <./images/codec_hist.png>] [21 <./images/framerate_hist.png> <./images/bitrate
_hist.png>] [22 <./images/dur_vs_trate.png> <./images/bitrate_vs_trate.png>] [2
3 <./images/framerate_vs_trate.png>]
Overfull \hbox (24.80568pt too wide) in paragraph at lines 608--608
 |[]\OT1/cmr/m/sc/17.28 Methodology for Re-gres-sion based train-
 []

[24

]
Chapter 6.

Overfull \hbox (7.56717pt too wide) in paragraph at lines 631--631
 |[]\OT1/cmr/m/sc/20.74 Conclusions and Rec-om-men-da-tions| 
 []

[25

] (./uw-ethesis.bbl
** WARNING: IEEEtran.bst: No hyphenation pattern has been
** loaded for the language `en'. Using the pattern for
** the default language instead.
** WARNING: IEEEtran.bst: No hyphenation pattern has been
** loaded for the language `en'. Using the pattern for
** the default language instead.

Underfull \hbox (badness 10000) in paragraph at lines 58--63
\OMS/cmsy/m/n/12 f\OT1/cmr/m/n/12 & [] arnumber = 1218189\OMS/cmsy/m/n/12 f\OT1
/cmr/m/n/12 & [] isnumber = 27384$ \OMS/cmsy/m/n/12 n \OT1/cmr/m/n/12 delimiter
"026E30F$nhttp :
 []

[26


]

Package refcheck Warning: Unused bibitem `FFmpe90:online' on input line 82.


Underfull \hbox (badness 10000) in paragraph at lines 83--86
[]\OT1/cmr/m/n/12 ``Ffmpeg de-vices doc-u-men-ta-tion,'' [][]$https : / / www .
 mpeg . org /
 []


Package refcheck Warning: Unused bibitem `ffmpeg:online' on input line 87.


Package refcheck Warning: Unused bibitem `Chandra2012' on input line 91.


Package refcheck Warning: Unused bibitem `Maint44:online' on input line 100.


Underfull \hbox (badness 10000) in paragraph at lines 101--104
[]\OT1/cmr/m/n/12 ``Maintenance mode,'' [][]$http : / / westseattleblog . com /
 category /
 []


Package refcheck Warning: Unused bibitem `Dakot10:online' on input line 105.


Underfull \hbox (badness 5359) in paragraph at lines 106--109
[]\OT1/cmr/m/n/12 ``Dakota se-cu-rity | ultra-low power day/night cam-era,'' []
[]$http :
 []


Underfull \hbox (badness 5175) in paragraph at lines 106--109
\OT1/cmr/m/n/12 / / dakotasecurity . com / ultra-[]low-[]power-[]daynight-[]cam
era/$[][], (Vis-ited on
 []


Package refcheck Warning: Unused bibitem `video11:online' on input line 110.


Underfull \hbox (badness 10000) in paragraph at lines 111--114
[]\OT1/cmr/m/n/12 ``videos.cctvcamerapros.com/pdf/zavio/f312a-wireless-ip-
 []


Underfull \hbox (badness 10000) in paragraph at lines 111--114
\OT1/cmr/m/n/12 camera.pdf,'' [][]$http : / / videos . cctvcamerapros . com / p
df / Zavio /
 []

)
Package atveryend Info: Empty hook `BeforeClearDocument' on input line 661.
 [27]
Package atveryend Info: Empty hook `AfterLastShipout' on input line 661.
 (./uw-ethesis.aux)
Package atveryend Info: Executing hook `AtVeryEndDocument' on input line 661.
Package atveryend Info: Executing hook `AtEndAfterFileList' on input line 661.
Package rerunfilecheck Info: File `uw-ethesis.out' has not changed.
(rerunfilecheck)             Checksum: 9C5CF1F24581EAC36C3E8B742085682D;2054.


LaTeX Font Warning: Some font shapes were not available, defaults substituted.

 ) 
Here is how much of TeX's memory you used:
 11346 strings out of 493089
 176244 string characters out of 6134842
 312220 words of memory out of 5000000
 14487 multiletter control sequences out of 15000+600000
 19296 words of font info for 74 fonts, out of 8000000 for 9000
 1141 hyphenation exceptions out of 8191
 42i,9n,43p,1186b,463s stack positions out of 5000i,500n,10000p,200000b,80000s
</usr/local/texlive/2015/texmf-dist/fonts/type1/public/amsfonts/cm/cmbx10.pfb
></usr/local/texlive/2015/texmf-dist/fonts/type1/public/amsfonts/cm/cmbx12.pfb>
</usr/local/texlive/2015/texmf-dist/fonts/type1/public/amsfonts/cm/cmcsc10.pfb>
</usr/local/texlive/2015/texmf-dist/fonts/type1/public/amsfonts/cm/cmmi10.pfb><
/usr/local/texlive/2015/texmf-dist/fonts/type1/public/amsfonts/cm/cmmi12.pfb></
usr/local/texlive/2015/texmf-dist/fonts/type1/public/amsfonts/cm/cmmi8.pfb></us
r/local/texlive/2015/texmf-dist/fonts/type1/public/amsfonts/cm/cmr10.pfb></usr/
local/texlive/2015/texmf-dist/fonts/type1/public/amsfonts/cm/cmr12.pfb></usr/lo
cal/texlive/2015/texmf-dist/fonts/type1/public/amsfonts/cm/cmr8.pfb></usr/local
/texlive/2015/texmf-dist/fonts/type1/public/amsfonts/cm/cmsy10.pfb></usr/local/
texlive/2015/texmf-dist/fonts/type1/public/amsfonts/cm/cmsy8.pfb></usr/local/te
xlive/2015/texmf-dist/fonts/type1/public/amsfonts/cm/cmti12.pfb></usr/local/tex
live/2015/texmf-dist/fonts/type1/public/amsfonts/cm/cmtt10.pfb>
Output written on uw-ethesis.pdf (37 pages, 3200227 bytes).
PDF statistics:
 584 PDF objects out of 1000 (max. 8388607)
 487 compressed objects within 5 object streams
 130 named destinations out of 1000 (max. 500000)
 334 words of extra memory for PDF output out of 10000 (max. 10000000)

